#
# There is insufficient memory for the Java Runtime Environment to continue.
# Native memory allocation (malloc) failed to allocate 32744 bytes for Chunk::new
# Possible reasons:
#   The system is out of physical RAM or swap space
#   The process is running with CompressedOops enabled, and the Java Heap may be blocking the growth of the native heap
# Possible solutions:
#   Reduce memory load on the system
#   Increase physical memory or swap space
#   Check if swap backing store is full
#   Decrease Java heap size (-Xmx/-Xms)
#   Decrease number of Java threads
#   Decrease Java thread stack sizes (-Xss)
#   Set larger code cache with -XX:ReservedCodeCacheSize=
#   JVM is running with Zero Based Compressed Oops mode in which the Java heap is
#     placed in the first 32GB address space. The Java Heap base address is the
#     maximum limit for the native heap growth. Please use -XX:HeapBaseMinAddress
#     to set the Java Heap base and to place the Java Heap above 32GB virtual address.
# This output file may be truncated or incomplete.
#
#  Out of Memory Error (arena.cpp:168), pid=28528, tid=17500
#
# JRE version: Java(TM) SE Runtime Environment (21.0.1+12) (build 21.0.1+12-LTS-29)
# Java VM: Java HotSpot(TM) 64-Bit Server VM (21.0.1+12-LTS-29, mixed mode, sharing, tiered, compressed oops, compressed class ptrs, g1 gc, windows-amd64)
# No core dump will be written. Minidumps are not enabled by default on client versions of Windows
#

---------------  S U M M A R Y ------------

Command Line: -Dfile.encoding=UTF-8 --module-path=C:\Users\aman7\OneDrive\Documents\NetBeansProjects\Hotel Management System\build\classes hotel.management.system.EmployeeInfo

Host: AMD Ryzen 7 5700U with Radeon Graphics         , 16 cores, 15G,  Windows 11 , 64 bit Build 22621 (10.0.22621.3374)
Time: Tue Apr  9 18:54:16 2024 India Standard Time elapsed time: 0.781080 seconds (0d 0h 0m 0s)

---------------  T H R E A D  ---------------

Current thread (0x00000234388ca080):  JavaThread "C1 CompilerThread2" daemon [_thread_in_native, id=17500, stack(0x0000007414100000,0x0000007414200000) (1024K)]


Current CompileTask:
C1:    781  751       3       java.lang.invoke.TypeConvertingMethodAdapter::convertType (299 bytes)

Stack: [0x0000007414100000,0x0000007414200000]
Native frames: (J=compiled Java code, j=interpreted, Vv=VM code, C=native code)
V  [jvm.dll+0x6c9029]
V  [jvm.dll+0x854b81]
V  [jvm.dll+0x856e5e]
V  [jvm.dll+0x857543]
V  [jvm.dll+0x280c06]
V  [jvm.dll+0xc3ead]
V  [jvm.dll+0xc43c3]
V  [jvm.dll+0x282860]
V  [jvm.dll+0x154130]
V  [jvm.dll+0x153686]
V  [jvm.dll+0x1553ed]
V  [jvm.dll+0x2586b9]
V  [jvm.dll+0x256c9a]
V  [jvm.dll+0x3ef1b6]
V  [jvm.dll+0x7fd728]
V  [jvm.dll+0x6c777d]
C  [ucrtbase.dll+0x29333]
C  [KERNEL32.DLL+0x1257d]
C  [ntdll.dll+0x5aa48]


---------------  P R O C E S S  ---------------

Threads class SMR info:
_java_thread_list=0x000002347e0bc280, length=19, elements={
0x0000023416856080, 0x000002343853f3a0, 0x000002343853fe00, 0x0000023438541870,
0x00000234385422d0, 0x0000023438542e60, 0x00000234385438c0, 0x0000023438546790,
0x000002343854a860, 0x0000023438715530, 0x0000023438763d80, 0x0000023438850340,
0x00000234388ca080, 0x00000234389ef530, 0x00000234389f57b0, 0x00000234389f9400,
0x000002347e0accb0, 0x000002347e12f760, 0x0000023438a78ce0
}

Java Threads: ( => current thread )
  0x0000023416856080 JavaThread "main"                              [_thread_in_vm, id=32524, stack(0x0000007412d00000,0x0000007412e00000) (1024K)]
  0x000002343853f3a0 JavaThread "Reference Handler"          daemon [_thread_blocked, id=31720, stack(0x0000007413500000,0x0000007413600000) (1024K)]
  0x000002343853fe00 JavaThread "Finalizer"                  daemon [_thread_blocked, id=15612, stack(0x0000007413600000,0x0000007413700000) (1024K)]
  0x0000023438541870 JavaThread "Signal Dispatcher"          daemon [_thread_blocked, id=26540, stack(0x0000007413700000,0x0000007413800000) (1024K)]
  0x00000234385422d0 JavaThread "Attach Listener"            daemon [_thread_blocked, id=13620, stack(0x0000007413800000,0x0000007413900000) (1024K)]
  0x0000023438542e60 JavaThread "Service Thread"             daemon [_thread_blocked, id=34380, stack(0x0000007413900000,0x0000007413a00000) (1024K)]
  0x00000234385438c0 JavaThread "Monitor Deflation Thread"   daemon [_thread_blocked, id=20980, stack(0x0000007413a00000,0x0000007413b00000) (1024K)]
  0x0000023438546790 JavaThread "C2 CompilerThread0"         daemon [_thread_blocked, id=2452, stack(0x0000007413b00000,0x0000007413c00000) (1024K)]
  0x000002343854a860 JavaThread "C1 CompilerThread0"         daemon [_thread_blocked, id=13924, stack(0x0000007413c00000,0x0000007413d00000) (1024K)]
  0x0000023438715530 JavaThread "Common-Cleaner"             daemon [_thread_blocked, id=33952, stack(0x0000007413d00000,0x0000007413e00000) (1024K)]
  0x0000023438763d80 JavaThread "C1 CompilerThread1"         daemon [_thread_in_native, id=18456, stack(0x0000007413e00000,0x0000007413f00000) (1024K)]
  0x0000023438850340 JavaThread "Notification Thread"        daemon [_thread_blocked, id=20564, stack(0x0000007414000000,0x0000007414100000) (1024K)]
=>0x00000234388ca080 JavaThread "C1 CompilerThread2"         daemon [_thread_in_native, id=17500, stack(0x0000007414100000,0x0000007414200000) (1024K)]
  0x00000234389ef530 JavaThread "Java2D Disposer"            daemon [_thread_blocked, id=5664, stack(0x0000007414200000,0x0000007414300000) (1024K)]
  0x00000234389f57b0 JavaThread "AWT-Shutdown"                      [_thread_blocked, id=11028, stack(0x0000007414300000,0x0000007414400000) (1024K)]
  0x00000234389f9400 JavaThread "AWT-Windows"                daemon [_thread_in_native, id=34924, stack(0x0000007414400000,0x0000007414500000) (1024K)]
  0x000002347e0accb0 JavaThread "mysql-cj-abandoned-connection-cleanup" daemon [_thread_blocked, id=18192, stack(0x0000007413f00000,0x0000007414000000) (1024K)]
  0x000002347e12f760 JavaThread "C2 CompilerThread1"         daemon [_thread_blocked, id=1316, stack(0x0000007414700000,0x0000007414800000) (1024K)]
  0x0000023438a78ce0 JavaThread "C2 CompilerThread2"         daemon [_thread_blocked, id=26148, stack(0x0000007414800000,0x0000007414900000) (1024K)]
Total: 19

Other Threads:
  0x000002343851f850 VMThread "VM Thread"                           [id=34728, stack(0x0000007413400000,0x0000007413500000) (1024K)]
  0x0000023438504c70 WatcherThread "VM Periodic Task Thread"        [id=12256, stack(0x0000007413300000,0x0000007413400000) (1024K)]
  0x0000023418b8a360 WorkerThread "GC Thread#0"                     [id=28056, stack(0x0000007412e00000,0x0000007412f00000) (1024K)]
  0x0000023418b9b110 ConcurrentGCThread "G1 Main Marker"            [id=7360, stack(0x0000007412f00000,0x0000007413000000) (1024K)]
  0x0000023418b9bdc0 WorkerThread "G1 Conc#0"                       [id=29084, stack(0x0000007413000000,0x0000007413100000) (1024K)]
  0x0000023418bee910 ConcurrentGCThread "G1 Refine#0"               [id=18800, stack(0x0000007413100000,0x0000007413200000) (1024K)]
  0x00000234383d66f0 ConcurrentGCThread "G1 Service"                [id=3196, stack(0x0000007413200000,0x0000007413300000) (1024K)]
Total: 7

Threads with active compile tasks:
C1 CompilerThread1      810  746       3       java.lang.invoke.InvokerBytecodeGenerator::isStaticallyInvocable (165 bytes)
C1 CompilerThread2      810  751       3       java.lang.invoke.TypeConvertingMethodAdapter::convertType (299 bytes)
Total: 2

VM state: not at safepoint (normal execution)

VM Mutex/Monitor currently owned by a thread: None

Heap address: 0x000000070a400000, size: 3932 MB, Compressed Oops mode: Zero based, Oop shift amount: 3

CDS archive(s) mapped at: [0x0000023439000000-0x0000023439c90000-0x0000023439c90000), size 13172736, SharedBaseAddress: 0x0000023439000000, ArchiveRelocationMode: 1.
Compressed class space mapped at: 0x000002343a000000-0x000002347a000000, reserved size: 1073741824
Narrow klass base: 0x0000023439000000, Narrow klass shift: 0, Narrow klass range: 0x100000000

GC Precious Log:
 CardTable entry size: 512
 Card Set container configuration: InlinePtr #cards 4 size 8 Array Of Cards #cards 16 size 48 Howl #buckets 8 coarsen threshold 3686 Howl Bitmap #cards 512 size 80 coarsen threshold 460 Card regions per heap region 1 cards per card region 4096
 CPUs: 16 total, 16 available
 Memory: 15720M
 Large Page Support: Disabled
 NUMA Support: Disabled
 Compressed Oops: Enabled (Zero based)
 Heap Region Size: 2M
 Heap Min Capacity: 8M
 Heap Initial Capacity: 246M
 Heap Max Capacity: 3932M
 Pre-touch: Disabled
 Parallel Workers: 13
 Concurrent Workers: 3
 Concurrent Refinement Workers: 13
 Periodic GC: Disabled

Heap:
 garbage-first heap   total 251904K, used 8192K [0x000000070a400000, 0x0000000800000000)
  region size 2048K, 5 young (10240K), 0 survivors (0K)
 Metaspace       used 5919K, committed 6144K, reserved 1114112K
  class space    used 633K, committed 704K, reserved 1048576K

Heap Regions: E=young(eden), S=young(survivor), O=old, HS=humongous(starts), HC=humongous(continues), CS=collection set, F=free, TAMS=top-at-mark-start, PB=parsable bottom
|   0|0x000000070a400000, 0x000000070a400000, 0x000000070a600000|  0%| F|  |TAMS 0x000000070a400000| PB 0x000000070a400000| Untracked 
|   1|0x000000070a600000, 0x000000070a600000, 0x000000070a800000|  0%| F|  |TAMS 0x000000070a600000| PB 0x000000070a600000| Untracked 
|   2|0x000000070a800000, 0x000000070a800000, 0x000000070aa00000|  0%| F|  |TAMS 0x000000070a800000| PB 0x000000070a800000| Untracked 
|   3|0x000000070aa00000, 0x000000070aa00000, 0x000000070ac00000|  0%| F|  |TAMS 0x000000070aa00000| PB 0x000000070aa00000| Untracked 
|   4|0x000000070ac00000, 0x000000070ac00000, 0x000000070ae00000|  0%| F|  |TAMS 0x000000070ac00000| PB 0x000000070ac00000| Untracked 
|   5|0x000000070ae00000, 0x000000070ae00000, 0x000000070b000000|  0%| F|  |TAMS 0x000000070ae00000| PB 0x000000070ae00000| Untracked 
|   6|0x000000070b000000, 0x000000070b000000, 0x000000070b200000|  0%| F|  |TAMS 0x000000070b000000| PB 0x000000070b000000| Untracked 
|   7|0x000000070b200000, 0x000000070b200000, 0x000000070b400000|  0%| F|  |TAMS 0x000000070b200000| PB 0x000000070b200000| Untracked 
|   8|0x000000070b400000, 0x000000070b400000, 0x000000070b600000|  0%| F|  |TAMS 0x000000070b400000| PB 0x000000070b400000| Untracked 
|   9|0x000000070b600000, 0x000000070b600000, 0x000000070b800000|  0%| F|  |TAMS 0x000000070b600000| PB 0x000000070b600000| Untracked 
|  10|0x000000070b800000, 0x000000070b800000, 0x000000070ba00000|  0%| F|  |TAMS 0x000000070b800000| PB 0x000000070b800000| Untracked 
|  11|0x000000070ba00000, 0x000000070ba00000, 0x000000070bc00000|  0%| F|  |TAMS 0x000000070ba00000| PB 0x000000070ba00000| Untracked 
|  12|0x000000070bc00000, 0x000000070bc00000, 0x000000070be00000|  0%| F|  |TAMS 0x000000070bc00000| PB 0x000000070bc00000| Untracked 
|  13|0x000000070be00000, 0x000000070be00000, 0x000000070c000000|  0%| F|  |TAMS 0x000000070be00000| PB 0x000000070be00000| Untracked 
|  14|0x000000070c000000, 0x000000070c000000, 0x000000070c200000|  0%| F|  |TAMS 0x000000070c000000| PB 0x000000070c000000| Untracked 
|  15|0x000000070c200000, 0x000000070c200000, 0x000000070c400000|  0%| F|  |TAMS 0x000000070c200000| PB 0x000000070c200000| Untracked 
|  16|0x000000070c400000, 0x000000070c400000, 0x000000070c600000|  0%| F|  |TAMS 0x000000070c400000| PB 0x000000070c400000| Untracked 
|  17|0x000000070c600000, 0x000000070c600000, 0x000000070c800000|  0%| F|  |TAMS 0x000000070c600000| PB 0x000000070c600000| Untracked 
|  18|0x000000070c800000, 0x000000070c800000, 0x000000070ca00000|  0%| F|  |TAMS 0x000000070c800000| PB 0x000000070c800000| Untracked 
|  19|0x000000070ca00000, 0x000000070ca00000, 0x000000070cc00000|  0%| F|  |TAMS 0x000000070ca00000| PB 0x000000070ca00000| Untracked 
|  20|0x000000070cc00000, 0x000000070cc00000, 0x000000070ce00000|  0%| F|  |TAMS 0x000000070cc00000| PB 0x000000070cc00000| Untracked 
|  21|0x000000070ce00000, 0x000000070ce00000, 0x000000070d000000|  0%| F|  |TAMS 0x000000070ce00000| PB 0x000000070ce00000| Untracked 
|  22|0x000000070d000000, 0x000000070d000000, 0x000000070d200000|  0%| F|  |TAMS 0x000000070d000000| PB 0x000000070d000000| Untracked 
|  23|0x000000070d200000, 0x000000070d200000, 0x000000070d400000|  0%| F|  |TAMS 0x000000070d200000| PB 0x000000070d200000| Untracked 
|  24|0x000000070d400000, 0x000000070d400000, 0x000000070d600000|  0%| F|  |TAMS 0x000000070d400000| PB 0x000000070d400000| Untracked 
|  25|0x000000070d600000, 0x000000070d600000, 0x000000070d800000|  0%| F|  |TAMS 0x000000070d600000| PB 0x000000070d600000| Untracked 
|  26|0x000000070d800000, 0x000000070d800000, 0x000000070da00000|  0%| F|  |TAMS 0x000000070d800000| PB 0x000000070d800000| Untracked 
|  27|0x000000070da00000, 0x000000070da00000, 0x000000070dc00000|  0%| F|  |TAMS 0x000000070da00000| PB 0x000000070da00000| Untracked 
|  28|0x000000070dc00000, 0x000000070dc00000, 0x000000070de00000|  0%| F|  |TAMS 0x000000070dc00000| PB 0x000000070dc00000| Untracked 
|  29|0x000000070de00000, 0x000000070de00000, 0x000000070e000000|  0%| F|  |TAMS 0x000000070de00000| PB 0x000000070de00000| Untracked 
|  30|0x000000070e000000, 0x000000070e000000, 0x000000070e200000|  0%| F|  |TAMS 0x000000070e000000| PB 0x000000070e000000| Untracked 
|  31|0x000000070e200000, 0x000000070e200000, 0x000000070e400000|  0%| F|  |TAMS 0x000000070e200000| PB 0x000000070e200000| Untracked 
|  32|0x000000070e400000, 0x000000070e400000, 0x000000070e600000|  0%| F|  |TAMS 0x000000070e400000| PB 0x000000070e400000| Untracked 
|  33|0x000000070e600000, 0x000000070e600000, 0x000000070e800000|  0%| F|  |TAMS 0x000000070e600000| PB 0x000000070e600000| Untracked 
|  34|0x000000070e800000, 0x000000070e800000, 0x000000070ea00000|  0%| F|  |TAMS 0x000000070e800000| PB 0x000000070e800000| Untracked 
|  35|0x000000070ea00000, 0x000000070ea00000, 0x000000070ec00000|  0%| F|  |TAMS 0x000000070ea00000| PB 0x000000070ea00000| Untracked 
|  36|0x000000070ec00000, 0x000000070ec00000, 0x000000070ee00000|  0%| F|  |TAMS 0x000000070ec00000| PB 0x000000070ec00000| Untracked 
|  37|0x000000070ee00000, 0x000000070ee00000, 0x000000070f000000|  0%| F|  |TAMS 0x000000070ee00000| PB 0x000000070ee00000| Untracked 
|  38|0x000000070f000000, 0x000000070f000000, 0x000000070f200000|  0%| F|  |TAMS 0x000000070f000000| PB 0x000000070f000000| Untracked 
|  39|0x000000070f200000, 0x000000070f200000, 0x000000070f400000|  0%| F|  |TAMS 0x000000070f200000| PB 0x000000070f200000| Untracked 
|  40|0x000000070f400000, 0x000000070f400000, 0x000000070f600000|  0%| F|  |TAMS 0x000000070f400000| PB 0x000000070f400000| Untracked 
|  41|0x000000070f600000, 0x000000070f600000, 0x000000070f800000|  0%| F|  |TAMS 0x000000070f600000| PB 0x000000070f600000| Untracked 
|  42|0x000000070f800000, 0x000000070f800000, 0x000000070fa00000|  0%| F|  |TAMS 0x000000070f800000| PB 0x000000070f800000| Untracked 
|  43|0x000000070fa00000, 0x000000070fa00000, 0x000000070fc00000|  0%| F|  |TAMS 0x000000070fa00000| PB 0x000000070fa00000| Untracked 
|  44|0x000000070fc00000, 0x000000070fc00000, 0x000000070fe00000|  0%| F|  |TAMS 0x000000070fc00000| PB 0x000000070fc00000| Untracked 
|  45|0x000000070fe00000, 0x000000070fe00000, 0x0000000710000000|  0%| F|  |TAMS 0x000000070fe00000| PB 0x000000070fe00000| Untracked 
|  46|0x0000000710000000, 0x0000000710000000, 0x0000000710200000|  0%| F|  |TAMS 0x0000000710000000| PB 0x0000000710000000| Untracked 
|  47|0x0000000710200000, 0x0000000710200000, 0x0000000710400000|  0%| F|  |TAMS 0x0000000710200000| PB 0x0000000710200000| Untracked 
|  48|0x0000000710400000, 0x0000000710400000, 0x0000000710600000|  0%| F|  |TAMS 0x0000000710400000| PB 0x0000000710400000| Untracked 
|  49|0x0000000710600000, 0x0000000710600000, 0x0000000710800000|  0%| F|  |TAMS 0x0000000710600000| PB 0x0000000710600000| Untracked 
|  50|0x0000000710800000, 0x0000000710800000, 0x0000000710a00000|  0%| F|  |TAMS 0x0000000710800000| PB 0x0000000710800000| Untracked 
|  51|0x0000000710a00000, 0x0000000710a00000, 0x0000000710c00000|  0%| F|  |TAMS 0x0000000710a00000| PB 0x0000000710a00000| Untracked 
|  52|0x0000000710c00000, 0x0000000710c00000, 0x0000000710e00000|  0%| F|  |TAMS 0x0000000710c00000| PB 0x0000000710c00000| Untracked 
|  53|0x0000000710e00000, 0x0000000710e00000, 0x0000000711000000|  0%| F|  |TAMS 0x0000000710e00000| PB 0x0000000710e00000| Untracked 
|  54|0x0000000711000000, 0x0000000711000000, 0x0000000711200000|  0%| F|  |TAMS 0x0000000711000000| PB 0x0000000711000000| Untracked 
|  55|0x0000000711200000, 0x0000000711200000, 0x0000000711400000|  0%| F|  |TAMS 0x0000000711200000| PB 0x0000000711200000| Untracked 
|  56|0x0000000711400000, 0x0000000711400000, 0x0000000711600000|  0%| F|  |TAMS 0x0000000711400000| PB 0x0000000711400000| Untracked 
|  57|0x0000000711600000, 0x0000000711600000, 0x0000000711800000|  0%| F|  |TAMS 0x0000000711600000| PB 0x0000000711600000| Untracked 
|  58|0x0000000711800000, 0x0000000711800000, 0x0000000711a00000|  0%| F|  |TAMS 0x0000000711800000| PB 0x0000000711800000| Untracked 
|  59|0x0000000711a00000, 0x0000000711a00000, 0x0000000711c00000|  0%| F|  |TAMS 0x0000000711a00000| PB 0x0000000711a00000| Untracked 
|  60|0x0000000711c00000, 0x0000000711c00000, 0x0000000711e00000|  0%| F|  |TAMS 0x0000000711c00000| PB 0x0000000711c00000| Untracked 
|  61|0x0000000711e00000, 0x0000000711e00000, 0x0000000712000000|  0%| F|  |TAMS 0x0000000711e00000| PB 0x0000000711e00000| Untracked 
|  62|0x0000000712000000, 0x0000000712000000, 0x0000000712200000|  0%| F|  |TAMS 0x0000000712000000| PB 0x0000000712000000| Untracked 
|  63|0x0000000712200000, 0x0000000712200000, 0x0000000712400000|  0%| F|  |TAMS 0x0000000712200000| PB 0x0000000712200000| Untracked 
|  64|0x0000000712400000, 0x0000000712400000, 0x0000000712600000|  0%| F|  |TAMS 0x0000000712400000| PB 0x0000000712400000| Untracked 
|  65|0x0000000712600000, 0x0000000712600000, 0x0000000712800000|  0%| F|  |TAMS 0x0000000712600000| PB 0x0000000712600000| Untracked 
|  66|0x0000000712800000, 0x0000000712800000, 0x0000000712a00000|  0%| F|  |TAMS 0x0000000712800000| PB 0x0000000712800000| Untracked 
|  67|0x0000000712a00000, 0x0000000712a00000, 0x0000000712c00000|  0%| F|  |TAMS 0x0000000712a00000| PB 0x0000000712a00000| Untracked 
|  68|0x0000000712c00000, 0x0000000712c00000, 0x0000000712e00000|  0%| F|  |TAMS 0x0000000712c00000| PB 0x0000000712c00000| Untracked 
|  69|0x0000000712e00000, 0x0000000712e00000, 0x0000000713000000|  0%| F|  |TAMS 0x0000000712e00000| PB 0x0000000712e00000| Untracked 
|  70|0x0000000713000000, 0x0000000713000000, 0x0000000713200000|  0%| F|  |TAMS 0x0000000713000000| PB 0x0000000713000000| Untracked 
|  71|0x0000000713200000, 0x0000000713200000, 0x0000000713400000|  0%| F|  |TAMS 0x0000000713200000| PB 0x0000000713200000| Untracked 
|  72|0x0000000713400000, 0x0000000713400000, 0x0000000713600000|  0%| F|  |TAMS 0x0000000713400000| PB 0x0000000713400000| Untracked 
|  73|0x0000000713600000, 0x0000000713600000, 0x0000000713800000|  0%| F|  |TAMS 0x0000000713600000| PB 0x0000000713600000| Untracked 
|  74|0x0000000713800000, 0x0000000713800000, 0x0000000713a00000|  0%| F|  |TAMS 0x0000000713800000| PB 0x0000000713800000| Untracked 
|  75|0x0000000713a00000, 0x0000000713a00000, 0x0000000713c00000|  0%| F|  |TAMS 0x0000000713a00000| PB 0x0000000713a00000| Untracked 
|  76|0x0000000713c00000, 0x0000000713c00000, 0x0000000713e00000|  0%| F|  |TAMS 0x0000000713c00000| PB 0x0000000713c00000| Untracked 
|  77|0x0000000713e00000, 0x0000000713e00000, 0x0000000714000000|  0%| F|  |TAMS 0x0000000713e00000| PB 0x0000000713e00000| Untracked 
|  78|0x0000000714000000, 0x0000000714000000, 0x0000000714200000|  0%| F|  |TAMS 0x0000000714000000| PB 0x0000000714000000| Untracked 
|  79|0x0000000714200000, 0x0000000714200000, 0x0000000714400000|  0%| F|  |TAMS 0x0000000714200000| PB 0x0000000714200000| Untracked 
|  80|0x0000000714400000, 0x0000000714400000, 0x0000000714600000|  0%| F|  |TAMS 0x0000000714400000| PB 0x0000000714400000| Untracked 
|  81|0x0000000714600000, 0x0000000714600000, 0x0000000714800000|  0%| F|  |TAMS 0x0000000714600000| PB 0x0000000714600000| Untracked 
|  82|0x0000000714800000, 0x0000000714800000, 0x0000000714a00000|  0%| F|  |TAMS 0x0000000714800000| PB 0x0000000714800000| Untracked 
|  83|0x0000000714a00000, 0x0000000714a00000, 0x0000000714c00000|  0%| F|  |TAMS 0x0000000714a00000| PB 0x0000000714a00000| Untracked 
|  84|0x0000000714c00000, 0x0000000714c00000, 0x0000000714e00000|  0%| F|  |TAMS 0x0000000714c00000| PB 0x0000000714c00000| Untracked 
|  85|0x0000000714e00000, 0x0000000714e00000, 0x0000000715000000|  0%| F|  |TAMS 0x0000000714e00000| PB 0x0000000714e00000| Untracked 
|  86|0x0000000715000000, 0x0000000715000000, 0x0000000715200000|  0%| F|  |TAMS 0x0000000715000000| PB 0x0000000715000000| Untracked 
|  87|0x0000000715200000, 0x0000000715200000, 0x0000000715400000|  0%| F|  |TAMS 0x0000000715200000| PB 0x0000000715200000| Untracked 
|  88|0x0000000715400000, 0x0000000715400000, 0x0000000715600000|  0%| F|  |TAMS 0x0000000715400000| PB 0x0000000715400000| Untracked 
|  89|0x0000000715600000, 0x0000000715600000, 0x0000000715800000|  0%| F|  |TAMS 0x0000000715600000| PB 0x0000000715600000| Untracked 
|  90|0x0000000715800000, 0x0000000715800000, 0x0000000715a00000|  0%| F|  |TAMS 0x0000000715800000| PB 0x0000000715800000| Untracked 
|  91|0x0000000715a00000, 0x0000000715a00000, 0x0000000715c00000|  0%| F|  |TAMS 0x0000000715a00000| PB 0x0000000715a00000| Untracked 
|  92|0x0000000715c00000, 0x0000000715c00000, 0x0000000715e00000|  0%| F|  |TAMS 0x0000000715c00000| PB 0x0000000715c00000| Untracked 
|  93|0x0000000715e00000, 0x0000000715e00000, 0x0000000716000000|  0%| F|  |TAMS 0x0000000715e00000| PB 0x0000000715e00000| Untracked 
|  94|0x0000000716000000, 0x0000000716000000, 0x0000000716200000|  0%| F|  |TAMS 0x0000000716000000| PB 0x0000000716000000| Untracked 
|  95|0x0000000716200000, 0x0000000716200000, 0x0000000716400000|  0%| F|  |TAMS 0x0000000716200000| PB 0x0000000716200000| Untracked 
|  96|0x0000000716400000, 0x0000000716400000, 0x0000000716600000|  0%| F|  |TAMS 0x0000000716400000| PB 0x0000000716400000| Untracked 
|  97|0x0000000716600000, 0x0000000716600000, 0x0000000716800000|  0%| F|  |TAMS 0x0000000716600000| PB 0x0000000716600000| Untracked 
|  98|0x0000000716800000, 0x0000000716800000, 0x0000000716a00000|  0%| F|  |TAMS 0x0000000716800000| PB 0x0000000716800000| Untracked 
|  99|0x0000000716a00000, 0x0000000716a00000, 0x0000000716c00000|  0%| F|  |TAMS 0x0000000716a00000| PB 0x0000000716a00000| Untracked 
| 100|0x0000000716c00000, 0x0000000716c00000, 0x0000000716e00000|  0%| F|  |TAMS 0x0000000716c00000| PB 0x0000000716c00000| Untracked 
| 101|0x0000000716e00000, 0x0000000716e00000, 0x0000000717000000|  0%| F|  |TAMS 0x0000000716e00000| PB 0x0000000716e00000| Untracked 
| 102|0x0000000717000000, 0x0000000717000000, 0x0000000717200000|  0%| F|  |TAMS 0x0000000717000000| PB 0x0000000717000000| Untracked 
| 103|0x0000000717200000, 0x0000000717200000, 0x0000000717400000|  0%| F|  |TAMS 0x0000000717200000| PB 0x0000000717200000| Untracked 
| 104|0x0000000717400000, 0x0000000717400000, 0x0000000717600000|  0%| F|  |TAMS 0x0000000717400000| PB 0x0000000717400000| Untracked 
| 105|0x0000000717600000, 0x0000000717600000, 0x0000000717800000|  0%| F|  |TAMS 0x0000000717600000| PB 0x0000000717600000| Untracked 
| 106|0x0000000717800000, 0x0000000717800000, 0x0000000717a00000|  0%| F|  |TAMS 0x0000000717800000| PB 0x0000000717800000| Untracked 
| 107|0x0000000717a00000, 0x0000000717a00000, 0x0000000717c00000|  0%| F|  |TAMS 0x0000000717a00000| PB 0x0000000717a00000| Untracked 
| 108|0x0000000717c00000, 0x0000000717c00000, 0x0000000717e00000|  0%| F|  |TAMS 0x0000000717c00000| PB 0x0000000717c00000| Untracked 
| 109|0x0000000717e00000, 0x0000000717e00000, 0x0000000718000000|  0%| F|  |TAMS 0x0000000717e00000| PB 0x0000000717e00000| Untracked 
| 110|0x0000000718000000, 0x0000000718000000, 0x0000000718200000|  0%| F|  |TAMS 0x0000000718000000| PB 0x0000000718000000| Untracked 
| 111|0x0000000718200000, 0x0000000718200000, 0x0000000718400000|  0%| F|  |TAMS 0x0000000718200000| PB 0x0000000718200000| Untracked 
| 112|0x0000000718400000, 0x0000000718400000, 0x0000000718600000|  0%| F|  |TAMS 0x0000000718400000| PB 0x0000000718400000| Untracked 
| 113|0x0000000718600000, 0x0000000718600000, 0x0000000718800000|  0%| F|  |TAMS 0x0000000718600000| PB 0x0000000718600000| Untracked 
| 114|0x0000000718800000, 0x0000000718800000, 0x0000000718a00000|  0%| F|  |TAMS 0x0000000718800000| PB 0x0000000718800000| Untracked 
| 115|0x0000000718a00000, 0x0000000718a00000, 0x0000000718c00000|  0%| F|  |TAMS 0x0000000718a00000| PB 0x0000000718a00000| Untracked 
| 116|0x0000000718c00000, 0x0000000718c00000, 0x0000000718e00000|  0%| F|  |TAMS 0x0000000718c00000| PB 0x0000000718c00000| Untracked 
| 117|0x0000000718e00000, 0x0000000718e00000, 0x0000000719000000|  0%| F|  |TAMS 0x0000000718e00000| PB 0x0000000718e00000| Untracked 
| 118|0x0000000719000000, 0x00000007190e6580, 0x0000000719200000| 44%| E|  |TAMS 0x0000000719000000| PB 0x0000000719000000| Complete 
| 119|0x0000000719200000, 0x0000000719400000, 0x0000000719400000|100%| E|CS|TAMS 0x0000000719200000| PB 0x0000000719200000| Complete 
| 120|0x0000000719400000, 0x0000000719600000, 0x0000000719600000|100%| E|CS|TAMS 0x0000000719400000| PB 0x0000000719400000| Complete 
| 121|0x0000000719600000, 0x0000000719800000, 0x0000000719800000|100%| E|CS|TAMS 0x0000000719600000| PB 0x0000000719600000| Complete 
| 122|0x0000000719800000, 0x0000000719a00000, 0x0000000719a00000|100%| E|CS|TAMS 0x0000000719800000| PB 0x0000000719800000| Complete 

Card table byte_map: [0x0000023430fb0000,0x0000023431760000] _byte_map_base: 0x000002342d75e000

Marking Bits: (CMBitMap*) 0x0000023418b8b270
 Bits: [0x0000023431760000, 0x00000234354d0000)

Polling page: 0x0000023416ac0000

Metaspace:

Usage:
  Non-class:      5.16 MB used.
      Class:    633.03 KB used.
       Both:      5.78 MB used.

Virtual space:
  Non-class space:       64.00 MB reserved,       5.31 MB (  8%) committed,  1 nodes.
      Class space:        1.00 GB reserved,     704.00 KB ( <1%) committed,  1 nodes.
             Both:        1.06 GB reserved,       6.00 MB ( <1%) committed. 

Chunk freelists:
   Non-Class:  10.62 MB
       Class:  15.20 MB
        Both:  25.82 MB

MaxMetaspaceSize: unlimited
CompressedClassSpaceSize: 1.00 GB
Initial GC threshold: 21.00 MB
Current GC threshold: 21.00 MB
CDS: on
 - commit_granule_bytes: 65536.
 - commit_granule_words: 8192.
 - virtual_space_node_default_size: 8388608.
 - enlarge_chunks_in_place: 1.
 - use_allocation_guard: 0.


Internal statistics:

num_allocs_failed_limit: 0.
num_arena_births: 140.
num_arena_deaths: 0.
num_vsnodes_births: 2.
num_vsnodes_deaths: 0.
num_space_committed: 96.
num_space_uncommitted: 0.
num_chunks_returned_to_freelist: 0.
num_chunks_taken_from_freelist: 184.
num_chunk_merges: 0.
num_chunk_splits: 115.
num_chunks_enlarged: 55.
num_inconsistent_stats: 0.

CodeHeap 'non-profiled nmethods': size=119168Kb used=230Kb max_used=230Kb free=118937Kb
 bounds [0x0000023428b20000, 0x0000023428d90000, 0x000002342ff80000]
CodeHeap 'profiled nmethods': size=119104Kb used=1180Kb max_used=1180Kb free=117923Kb
 bounds [0x0000023420f80000, 0x00000234211f0000, 0x00000234283d0000]
CodeHeap 'non-nmethods': size=7488Kb used=2575Kb max_used=2604Kb free=4912Kb
 bounds [0x00000234283d0000, 0x0000023428660000, 0x0000023428b20000]
 total_blobs=1288 nmethods=748 adapters=443
 compilation: enabled
              stopped_count=0, restarted_count=0
 full_count=0

Compilation events (20 events):
Event: 0.773 Thread 0x000002343854a860  740       3       jdk.internal.org.objectweb.asm.MethodWriter::visitAbstractType (8 bytes)
Event: 0.773 Thread 0x0000023438763d80 nmethod 735 0x00000234210a1610 code [0x00000234210a18e0, 0x00000234210a25e0]
Event: 0.774 Thread 0x000002343854a860 nmethod 740 0x00000234210a2910 code [0x00000234210a2ac0, 0x00000234210a2c00]
Event: 0.774 Thread 0x000002343854a860  741       3       java.lang.reflect.Modifier::isPrivate (12 bytes)
Event: 0.775 Thread 0x000002343854a860 nmethod 741 0x00000234210a2d10 code [0x00000234210a2ea0, 0x00000234210a2ff0]
Event: 0.775 Thread 0x000002343854a860  743       3       java.lang.invoke.InvokerBytecodeGenerator::emitStoreResult (27 bytes)
Event: 0.775 Thread 0x0000023438763d80  744       3       java.lang.invoke.LambdaForm$NamedFunction::intrinsicName (21 bytes)
Event: 0.775 Thread 0x00000234388ca080  745       3       java.lang.invoke.LambdaForm$NamedFunction::member (26 bytes)
Event: 0.776 Thread 0x00000234388ca080 nmethod 745 0x00000234210a3090 code [0x00000234210a3220, 0x00000234210a3340]
Event: 0.776 Thread 0x0000023438763d80 nmethod 744 0x00000234210a3410 code [0x00000234210a35c0, 0x00000234210a3818]
Event: 0.776 Thread 0x000002343854a860 nmethod 743 0x00000234210a3910 code [0x00000234210a3ac0, 0x00000234210a3ca8]
Event: 0.776 Thread 0x00000234388ca080  749       3       java.lang.invoke.InvokerBytecodeGenerator::emitPushArguments (45 bytes)
Event: 0.776 Thread 0x0000023438763d80  746       3       java.lang.invoke.InvokerBytecodeGenerator::isStaticallyInvocable (165 bytes)
Event: 0.776 Thread 0x000002343854a860  747       3       java.lang.invoke.MemberName::isPrivate (8 bytes)
Event: 0.777 Thread 0x000002343854a860 nmethod 747 0x00000234210a3d90 code [0x00000234210a3f40, 0x00000234210a4110]
Event: 0.777 Thread 0x000002343854a860  748       3       java.lang.invoke.InvokerBytecodeGenerator::emitStaticInvoke (258 bytes)
Event: 0.777 Thread 0x00000234388ca080 nmethod 749 0x00000234210a4210 code [0x00000234210a4400, 0x00000234210a49d8]
Event: 0.777 Thread 0x00000234388ca080  750       3       java.lang.invoke.InvokerBytecodeGenerator::refKindOpcode (112 bytes)
Event: 0.777 Thread 0x00000234388ca080 nmethod 750 0x00000234210a4d10 code [0x00000234210a4f80, 0x00000234210a57c0]
Event: 0.778 Thread 0x00000234388ca080  751       3       java.lang.invoke.TypeConvertingMethodAdapter::convertType (299 bytes)

GC Heap History (0 events):
No events

Dll operation events (7 events):
Event: 0.009 Loaded shared library C:\Program Files\Java\jdk-21\bin\java.dll
Event: 0.387 Loaded shared library C:\Program Files\Java\jdk-21\bin\jsvml.dll
Event: 0.422 Loaded shared library C:\Program Files\Java\jdk-21\bin\net.dll
Event: 0.424 Loaded shared library C:\Program Files\Java\jdk-21\bin\nio.dll
Event: 0.450 Loaded shared library C:\Program Files\Java\jdk-21\bin\zip.dll
Event: 0.465 Loaded shared library C:\Program Files\Java\jdk-21\bin\jimage.dll
Event: 0.484 Loaded shared library C:\Program Files\Java\jdk-21\bin\awt.dll

Deoptimization events (6 events):
Event: 0.628 Thread 0x0000023416856080 Uncommon trap: trap_request=0xffffff45 fr.pc=0x0000023428b31990 relative=0x0000000000000a30
Event: 0.628 Thread 0x0000023416856080 Uncommon trap: reason=unstable_if action=reinterpret pc=0x0000023428b31990 method=java.util.HashMap.putVal(ILjava/lang/Object;Ljava/lang/Object;ZZ)Ljava/lang/Object; @ 236 c2
Event: 0.628 Thread 0x0000023416856080 DEOPT PACKING pc=0x0000023428b31990 sp=0x0000007412dfdf20
Event: 0.628 Thread 0x0000023416856080 DEOPT UNPACKING pc=0x00000234284246a2 sp=0x0000007412dfded8 mode 2
Event: 0.739 Thread 0x0000023416856080 DEOPT PACKING pc=0x0000023420f91a99 sp=0x0000007412dfdf00
Event: 0.739 Thread 0x0000023416856080 DEOPT UNPACKING pc=0x0000023428424e42 sp=0x0000007412dfd320 mode 0

Classes loaded (20 events):
Event: 0.751 Loading class java/util/PropertyResourceBundle
Event: 0.752 Loading class java/util/PropertyResourceBundle done
Event: 0.752 Loading class sun/util/PropertyResourceBundleCharset
Event: 0.752 Loading class sun/util/PropertyResourceBundleCharset done
Event: 0.752 Loading class sun/util/PropertyResourceBundleCharset$PropertiesFileDecoder
Event: 0.752 Loading class sun/util/PropertyResourceBundleCharset$PropertiesFileDecoder done
Event: 0.765 Loading class java/text/MessageFormat
Event: 0.766 Loading class java/text/MessageFormat done
Event: 0.767 Loading class java/math/BigDecimal
Event: 0.768 Loading class java/math/BigDecimal done
Event: 0.769 Loading class java/math/MathContext
Event: 0.769 Loading class java/math/MathContext done
Event: 0.771 Loading class java/util/Collections$UnmodifiableMap$UnmodifiableEntrySet
Event: 0.771 Loading class java/util/Collections$UnmodifiableMap$UnmodifiableEntrySet done
Event: 0.772 Loading class java/util/Collections$UnmodifiableMap$UnmodifiableEntrySet$UnmodifiableEntrySetSpliterator
Event: 0.772 Loading class java/util/Collections$UnmodifiableMap$UnmodifiableEntrySet$UnmodifiableEntrySetSpliterator done
Event: 0.772 Loading class java/util/HashMap$EntrySpliterator
Event: 0.772 Loading class java/util/HashMap$EntrySpliterator done
Event: 0.773 Loading class java/lang/invoke/DirectMethodHandle$Special
Event: 0.773 Loading class java/lang/invoke/DirectMethodHandle$Special done

Classes unloaded (0 events):
No events

Classes redefined (0 events):
No events

Internal exceptions (15 events):
Event: 0.426 Thread 0x0000023416856080 Exception <a 'sun/nio/fs/WindowsException'{0x000000071967d930}> (0x000000071967d930) 
thrown [s\open\src\hotspot\share\prims\jni.cpp, line 520]
Event: 0.428 Thread 0x0000023416856080 Exception <a 'sun/nio/fs/WindowsException'{0x000000071967ffe0}> (0x000000071967ffe0) 
thrown [s\open\src\hotspot\share\prims\jni.cpp, line 520]
Event: 0.428 Thread 0x0000023416856080 Exception <a 'sun/nio/fs/WindowsException'{0x0000000719680b60}> (0x0000000719680b60) 
thrown [s\open\src\hotspot\share\prims\jni.cpp, line 520]
Event: 0.472 Thread 0x0000023416856080 Exception <a 'java/lang/ClassNotFoundException'{0x00000007197b81d0}: sun/awt/resources/spi/awtProvider> (0x00000007197b81d0) 
thrown [s\open\src\hotspot\share\classfile\systemDictionary.cpp, line 312]
Event: 0.499 Thread 0x0000023416856080 Exception <a 'java/io/FileNotFoundException'{0x000000071940df58}> (0x000000071940df58) 
thrown [s\open\src\hotspot\share\prims\jni.cpp, line 520]
Event: 0.507 Thread 0x0000023416856080 Exception <a 'java/io/FileNotFoundException'{0x0000000719437ee8}> (0x0000000719437ee8) 
thrown [s\open\src\hotspot\share\prims\jni.cpp, line 520]
Event: 0.631 Thread 0x0000023416856080 Exception <a 'java/lang/NoSuchMethodError'{0x00000007194caa68}: 'void java.lang.invoke.DirectMethodHandle$Holder.invokeSpecial(java.lang.Object, java.lang.Object, java.lang.Object)'> (0x00000007194caa68) 
thrown [s\open\src\hotspot\share\interpreter\linkResolver.cpp, line 773]
Event: 0.639 Thread 0x0000023416856080 Exception <a 'java/lang/NoSuchMethodError'{0x00000007195d1c78}: 'java.lang.Object java.lang.invoke.DirectMethodHandle$Holder.newInvokeSpecial(java.lang.Object, java.lang.Object, java.lang.Object, java.lang.Object, java.lang.Object)'> (0x00000007195d1c78) 
thrown [s\open\src\hotspot\share\interpreter\linkResolver.cpp, line 773]
Event: 0.646 Thread 0x0000023416856080 Exception <a 'java/lang/NoSuchMethodError'{0x00000007195fd800}: 'java.lang.Object java.lang.invoke.DirectMethodHandle$Holder.invokeStatic(java.lang.Object, int, java.lang.Object)'> (0x00000007195fd800) 
thrown [s\open\src\hotspot\share\interpreter\linkResolver.cpp, line 773]
Event: 0.671 Thread 0x0000023416856080 Exception <a 'java/lang/ClassNotFoundException'{0x000000071929d510}: com/sun/swing/internal/plaf/metal/resources/spi/metalProvider> (0x000000071929d510) 
thrown [s\open\src\hotspot\share\classfile\systemDictionary.cpp, line 312]
Event: 0.672 Thread 0x0000023416856080 Exception <a 'java/lang/ClassNotFoundException'{0x00000007192a1470}: com/sun/swing/internal/plaf/basic/resources/spi/basicProvider> (0x00000007192a1470) 
thrown [s\open\src\hotspot\share\classfile\systemDictionary.cpp, line 312]
Event: 0.682 Thread 0x0000023416856080 Exception <a 'java/lang/NoSuchMethodError'{0x00000007192c0640}: 'int java.lang.invoke.Invokers$Holder.invokeExact_MT(java.lang.Object, java.lang.Object)'> (0x00000007192c0640) 
thrown [s\open\src\hotspot\share\interpreter\linkResolver.cpp, line 773]
Event: 0.710 Thread 0x0000023416856080 Exception <a 'java/lang/NoSuchMethodError'{0x0000000719311910}: 'void java.lang.invoke.DirectMethodHandle$Holder.invokeStatic(java.lang.Object, java.lang.Object)'> (0x0000000719311910) 
thrown [s\open\src\hotspot\share\interpreter\linkResolver.cpp, line 773]
Event: 0.746 Thread 0x0000023416856080 Exception <a 'java/lang/NoSuchMethodError'{0x0000000719043240}: 'java.lang.Object java.lang.invoke.DirectMethodHandle$Holder.invokeInterface(java.lang.Object, java.lang.Object)'> (0x0000000719043240) 
thrown [s\open\src\hotspot\share\interpreter\linkResolver.cpp, line 773]
Event: 0.775 Thread 0x0000023416856080 Exception <a 'java/lang/NoSuchMethodError'{0x00000007190ba460}: 'void java.lang.invoke.DirectMethodHandle$Holder.invokeStatic(java.lang.Object, java.lang.Object, java.lang.Object)'> (0x00000007190ba460) 
thrown [s\open\src\hotspot\share\interpreter\linkResolver.cpp, line 773]

ZGC Phase Switch (0 events):
No events

VM Operations (8 events):
Event: 0.429 Executing VM operation: HandshakeAllThreads (Deoptimize)
Event: 0.429 Executing VM operation: HandshakeAllThreads (Deoptimize) done
Event: 0.517 Executing VM operation: HandshakeAllThreads (Deoptimize)
Event: 0.517 Executing VM operation: HandshakeAllThreads (Deoptimize) done
Event: 0.694 Executing VM operation: HandshakeAllThreads (Deoptimize)
Event: 0.694 Executing VM operation: HandshakeAllThreads (Deoptimize) done
Event: 0.723 Executing VM operation: HandshakeAllThreads (Deoptimize)
Event: 0.723 Executing VM operation: HandshakeAllThreads (Deoptimize) done

Events (20 events):
Event: 0.385 Thread 0x000002343853f3a0 Thread added: 0x000002343853f3a0
Event: 0.385 Thread 0x000002343853fe00 Thread added: 0x000002343853fe00
Event: 0.385 Thread 0x0000023438541870 Thread added: 0x0000023438541870
Event: 0.385 Thread 0x00000234385422d0 Thread added: 0x00000234385422d0
Event: 0.386 Thread 0x0000023438542e60 Thread added: 0x0000023438542e60
Event: 0.386 Thread 0x00000234385438c0 Thread added: 0x00000234385438c0
Event: 0.386 Thread 0x0000023438546790 Thread added: 0x0000023438546790
Event: 0.386 Thread 0x000002343854a860 Thread added: 0x000002343854a860
Event: 0.409 Thread 0x0000023438715530 Thread added: 0x0000023438715530
Event: 0.419 Thread 0x0000023438763d80 Thread added: 0x0000023438763d80
Event: 0.437 Thread 0x000002343878af80 Thread added: 0x000002343878af80
Event: 0.443 Thread 0x0000023438850340 Thread added: 0x0000023438850340
Event: 0.447 Thread 0x00000234388ca080 Thread added: 0x00000234388ca080
Event: 0.556 Thread 0x00000234389ef530 Thread added: 0x00000234389ef530
Event: 0.557 Thread 0x00000234389f57b0 Thread added: 0x00000234389f57b0
Event: 0.559 Thread 0x00000234389f9400 Thread added: 0x00000234389f9400
Event: 0.629 Thread 0x000002343878af80 Thread exited: 0x000002343878af80
Event: 0.711 Thread 0x000002347e0accb0 Thread added: 0x000002347e0accb0
Event: 0.758 Thread 0x000002347e12f760 Thread added: 0x000002347e12f760
Event: 0.760 Thread 0x0000023438a78ce0 Thread added: 0x0000023438a78ce0


Dynamic libraries:
0x00007ff7eb260000 - 0x00007ff7eb270000 	C:\Program Files\Java\jdk-21\bin\java.exe
0x00007ff8783f0000 - 0x00007ff878606000 	C:\WINDOWS\SYSTEM32\ntdll.dll
0x00007ff8781d0000 - 0x00007ff878294000 	C:\WINDOWS\System32\KERNEL32.DLL
0x00007ff8759e0000 - 0x00007ff875d87000 	C:\WINDOWS\System32\KERNELBASE.dll
0x00007ff875f80000 - 0x00007ff876091000 	C:\WINDOWS\System32\ucrtbase.dll
0x00007ff864f30000 - 0x00007ff864f4b000 	C:\Program Files\Java\jdk-21\bin\VCRUNTIME140.dll
0x00007ff873180000 - 0x00007ff873199000 	C:\Program Files\Java\jdk-21\bin\jli.dll
0x00007ff8782a0000 - 0x00007ff878352000 	C:\WINDOWS\System32\ADVAPI32.dll
0x00007ff8771c0000 - 0x00007ff877267000 	C:\WINDOWS\System32\msvcrt.dll
0x00007ff8777e0000 - 0x00007ff877888000 	C:\WINDOWS\System32\sechost.dll
0x00007ff875eb0000 - 0x00007ff875ed8000 	C:\WINDOWS\System32\bcrypt.dll
0x00007ff876270000 - 0x00007ff876385000 	C:\WINDOWS\System32\RPCRT4.dll
0x00007ff876390000 - 0x00007ff87653e000 	C:\WINDOWS\System32\USER32.dll
0x00007ff875f50000 - 0x00007ff875f76000 	C:\WINDOWS\System32\win32u.dll
0x00007ff878360000 - 0x00007ff878389000 	C:\WINDOWS\System32\GDI32.dll
0x00007ff85e420000 - 0x00007ff85e6b3000 	C:\WINDOWS\WinSxS\amd64_microsoft.windows.common-controls_6595b64144ccf1df_6.0.22621.3235_none_270f74e173860f98\COMCTL32.dll
0x00007ff875d90000 - 0x00007ff875ea9000 	C:\WINDOWS\System32\gdi32full.dll
0x00007ff875880000 - 0x00007ff87591a000 	C:\WINDOWS\System32\msvcp_win.dll
0x00007ff86bdb0000 - 0x00007ff86bdba000 	C:\WINDOWS\SYSTEM32\VERSION.dll
0x00007ff8778a0000 - 0x00007ff8778d1000 	C:\WINDOWS\System32\IMM32.DLL
0x00007ff867be0000 - 0x00007ff867bec000 	C:\Program Files\Java\jdk-21\bin\vcruntime140_1.dll
0x00007ff82f580000 - 0x00007ff82f60e000 	C:\Program Files\Java\jdk-21\bin\msvcp140.dll
0x00007ffffcae0000 - 0x00007ffffd7f5000 	C:\Program Files\Java\jdk-21\bin\server\jvm.dll
0x00007ff876120000 - 0x00007ff876191000 	C:\WINDOWS\System32\WS2_32.dll
0x00007ff874fe0000 - 0x00007ff87502d000 	C:\WINDOWS\SYSTEM32\POWRPROF.dll
0x00007ff8730f0000 - 0x00007ff873124000 	C:\WINDOWS\SYSTEM32\WINMM.dll
0x00007ff874fc0000 - 0x00007ff874fd3000 	C:\WINDOWS\SYSTEM32\UMPDC.dll
0x00007ff874740000 - 0x00007ff874758000 	C:\WINDOWS\SYSTEM32\kernel.appcore.dll
0x00007ff867890000 - 0x00007ff86789a000 	C:\Program Files\Java\jdk-21\bin\jimage.dll
0x00007ff872e30000 - 0x00007ff873063000 	C:\WINDOWS\SYSTEM32\DBGHELP.DLL
0x00007ff877dc0000 - 0x00007ff878148000 	C:\WINDOWS\System32\combase.dll
0x00007ff877700000 - 0x00007ff8777d7000 	C:\WINDOWS\System32\OLEAUT32.dll
0x00007ff8730b0000 - 0x00007ff8730e2000 	C:\WINDOWS\SYSTEM32\dbgcore.DLL
0x00007ff8760a0000 - 0x00007ff876119000 	C:\WINDOWS\System32\bcryptPrimitives.dll
0x00007ff864650000 - 0x00007ff86466f000 	C:\Program Files\Java\jdk-21\bin\java.dll
0x00007ff8765d0000 - 0x00007ff876e2c000 	C:\WINDOWS\System32\SHELL32.dll
0x00007ff873640000 - 0x00007ff873f39000 	C:\WINDOWS\SYSTEM32\windows.storage.dll
0x00007ff873500000 - 0x00007ff87363e000 	C:\WINDOWS\SYSTEM32\wintypes.dll
0x00007ff877c50000 - 0x00007ff877d43000 	C:\WINDOWS\System32\SHCORE.dll
0x00007ff876210000 - 0x00007ff87626e000 	C:\WINDOWS\System32\shlwapi.dll
0x00007ff875640000 - 0x00007ff875661000 	C:\WINDOWS\SYSTEM32\profapi.dll
0x00007ff82bc10000 - 0x00007ff82bce7000 	C:\Program Files\Java\jdk-21\bin\jsvml.dll
0x00007ff867830000 - 0x00007ff867840000 	C:\Program Files\Java\jdk-21\bin\net.dll
0x00007ff86f1b0000 - 0x00007ff86f2e6000 	C:\WINDOWS\SYSTEM32\WINHTTP.dll
0x00007ff874bd0000 - 0x00007ff874c39000 	C:\WINDOWS\system32\mswsock.dll
0x00007ff8643c0000 - 0x00007ff8643d6000 	C:\Program Files\Java\jdk-21\bin\nio.dll
0x00007ff862ce0000 - 0x00007ff862cf8000 	C:\Program Files\Java\jdk-21\bin\zip.dll
0x00007ff828a70000 - 0x00007ff828bff000 	C:\Program Files\Java\jdk-21\bin\awt.dll
0x00007ff8725f0000 - 0x00007ff872687000 	C:\WINDOWS\SYSTEM32\apphelp.dll
0x00007ff8728e0000 - 0x00007ff87290b000 	C:\WINDOWS\system32\DWMAPI.DLL
0x00007ff8726b0000 - 0x00007ff87275b000 	C:\WINDOWS\system32\uxtheme.dll
0x00007ff816560000 - 0x00007ff816660000 	C:\WINDOWS\system32\opengl32.dll
0x00007ff815310000 - 0x00007ff81533d000 	C:\WINDOWS\SYSTEM32\GLU32.dll
0x00007ff872790000 - 0x00007ff8727c9000 	C:\WINDOWS\SYSTEM32\dxcore.dll
0x00007ff877ae0000 - 0x00007ff877c33000 	C:\WINDOWS\System32\MSCTF.dll
0x00007ff876e50000 - 0x00007ff876ff5000 	C:\WINDOWS\System32\ole32.dll
0x00007ff8163b0000 - 0x00007ff816559000 	C:\WINDOWS\system32\d3d9.dll
0x00007ff86bdc0000 - 0x00007ff86bf7b000 	C:\WINDOWS\System32\DriverStore\FileRepository\u0395598.inf_amd64_ddc78b0127c2a6a5\B394313\aticfx64.dll
0x00007ff858840000 - 0x00007ff858874000 	C:\WINDOWS\System32\DriverStore\FileRepository\u0395598.inf_amd64_ddc78b0127c2a6a5\B394313\atiu9p64.dll
0x00007ff80e930000 - 0x00007ff80f685000 	C:\WINDOWS\System32\DriverStore\FileRepository\u0395598.inf_amd64_ddc78b0127c2a6a5\B394313\atiumd64.dll
0x00000000607d0000 - 0x00000000616e2000 	C:\WINDOWS\System32\DriverStore\FileRepository\u0395598.inf_amd64_ddc78b0127c2a6a5\B394313\atiumd6a.dll
0x00007ff877270000 - 0x00007ff8776e4000 	C:\WINDOWS\System32\SETUPAPI.dll
0x00007ff8691d0000 - 0x00007ff869205000 	C:\WINDOWS\SYSTEM32\amdihk64.dll
0x00007ff8700f0000 - 0x00007ff87013a000 	C:\WINDOWS\SYSTEM32\directxdatabasehelper.dll

dbghelp: loaded successfully - version: 4.0.5 - missing functions: none
symbol engine: initialized successfully - sym options: 0x614 - pdb path: .;C:\Program Files\Java\jdk-21\bin;C:\WINDOWS\SYSTEM32;C:\WINDOWS\WinSxS\amd64_microsoft.windows.common-controls_6595b64144ccf1df_6.0.22621.3235_none_270f74e173860f98;C:\Program Files\Java\jdk-21\bin\server;C:\WINDOWS\System32\DriverStore\FileRepository\u0395598.inf_amd64_ddc78b0127c2a6a5\B394313

VM Arguments:
jvm_args: -Dfile.encoding=UTF-8 --module-path=C:\Users\aman7\OneDrive\Documents\NetBeansProjects\Hotel Management System\build\classes 
java_command: hotel.management.system.EmployeeInfo
java_class_path (initial): C:\Users\aman7\Downloads\mysql-connector-java-8.0.28.jar;C:\Users\aman7\Downloads\rs2xml.jar;C:\Users\aman7\OneDrive\Documents\NetBeansProjects\Hotel Management System\build\classes
Launcher Type: SUN_STANDARD

[Global flags]
     intx CICompilerCount                          = 12                                        {product} {ergonomic}
     uint ConcGCThreads                            = 3                                         {product} {ergonomic}
     uint G1ConcRefinementThreads                  = 13                                        {product} {ergonomic}
   size_t G1HeapRegionSize                         = 2097152                                   {product} {ergonomic}
    uintx GCDrainStackTargetSize                   = 64                                        {product} {ergonomic}
   size_t InitialHeapSize                          = 257949696                                 {product} {ergonomic}
   size_t MarkStackSize                            = 4194304                                   {product} {ergonomic}
   size_t MaxHeapSize                              = 4123000832                                {product} {ergonomic}
   size_t MaxNewSize                               = 2472542208                                {product} {ergonomic}
   size_t MinHeapDeltaBytes                        = 2097152                                   {product} {ergonomic}
   size_t MinHeapSize                              = 8388608                                   {product} {ergonomic}
    uintx NonNMethodCodeHeapSize                   = 7602480                                {pd product} {ergonomic}
    uintx NonProfiledCodeHeapSize                  = 122027880                              {pd product} {ergonomic}
    uintx ProfiledCodeHeapSize                     = 122027880                              {pd product} {ergonomic}
    uintx ReservedCodeCacheSize                    = 251658240                              {pd product} {ergonomic}
     bool SegmentedCodeCache                       = true                                      {product} {ergonomic}
   size_t SoftMaxHeapSize                          = 4123000832                             {manageable} {ergonomic}
     bool UseCompressedOops                        = true                           {product lp64_product} {ergonomic}
     bool UseG1GC                                  = true                                      {product} {ergonomic}
     bool UseLargePagesIndividualAllocation        = false                                  {pd product} {ergonomic}

Logging:
Log output configuration:
 #0: stdout all=warning uptime,level,tags foldmultilines=false
 #1: stderr all=off uptime,level,tags foldmultilines=false

Environment Variables:
PATH=C:\Program Files\Common Files\Oracle\Java\javapath;C:\Program Files (x86)\Common Files\Oracle\Java\javapath;D:\oracle\app\oracle\product\11.2.0\server\bin;C:\ProgramData\Oracle\Java\javapath;C:\WINDOWS\system32;C:\WINDOWS;C:\WINDOWS\System32\Wbem;C:\WINDOWS\System32\WindowsPowerShell\v1.0\;C:\WINDOWS\System32\OpenSSH\;C:\Program Files\dotnet\;C:\Program Files\MySQL\MySQL Server 8.0\bin;D:\flutter\flutter\bin;D:\java\bin;C:\Program Files\MySQL\MySQL Shell 8.0\bin\;C:\Users\aman7\AppData\Local\Programs\Python\Python310\Scripts\;C:\Users\aman7\AppData\Local\Programs\Python\Python310\;C:\Users\aman7\AppData\Local\Microsoft\WindowsApps;C:\Users\aman7\AppData\Local\Programs\Microsoft VS Code\bin;C:\MinGW\bin;
USERNAME=aman7
OS=Windows_NT
PROCESSOR_IDENTIFIER=AMD64 Family 23 Model 104 Stepping 1, AuthenticAMD
TMP=C:\Users\aman7\AppData\Local\Temp
TEMP=C:\Users\aman7\AppData\Local\Temp




Periodic native trim disabled

---------------  S Y S T E M  ---------------

OS:
 Windows 11 , 64 bit Build 22621 (10.0.22621.3374)
OS uptime: 4 days 20:14 hours
Hyper-V role detected

CPU: total 16 (initial active 16) (16 cores per cpu, 2 threads per core) family 23 model 104 stepping 1 microcode 0x0, cx8, cmov, fxsr, ht, mmx, 3dnowpref, sse, sse2, sse3, ssse3, sse4a, sse4.1, sse4.2, popcnt, lzcnt, tsc, tscinvbit, avx, avx2, aes, clmul, bmi1, bmi2, adx, sha, fma, vzeroupper, clflush, clflushopt, hv, rdtscp, rdpid, f16c
Processor Information for all 16 processors :
  Max Mhz: 1801, Current Mhz: 1801, Mhz Limit: 1801

Memory: 4k page, system-wide physical 15720M (3804M free)
TotalPageFile size 38702M (AvailPageFile size 3M)
current process WorkingSet (physical memory assigned to process): 63M, peak: 65M
current process commit charge ("private bytes"): 364M, peak: 365M

vm_info: Java HotSpot(TM) 64-Bit Server VM (21.0.1+12-LTS-29) for windows-amd64 JRE (21.0.1+12-LTS-29), built on 2023-10-05T13:27:09Z by "mach5one" with MS VC++ 17.1 (VS2022)

END.
